<?xml version="1.0" encoding="UTF-8"?>
<!-- Generated by org.testng.reporters.JUnitReportReporter -->
<testsuite hostname="aspire134" name="com.clinical.selenium.section.charts.chartsGeneral.VerifyDisplayOfAge" tests="4" failures="0" timestamp="5 Jan 2012 11:33:37 GMT" time="79.921" errors="0">
  <testcase name="checkAge001" time="36.089" classname="com.clinical.selenium.section.charts.chartsGeneral.VerifyDisplayOfAge"/>
  <testcase name="checkAge003" time="14.877" classname="com.clinical.selenium.section.charts.chartsGeneral.VerifyDisplayOfAge"/>
  <testcase name="checkAge004" time="12.436" classname="com.clinical.selenium.section.charts.chartsGeneral.VerifyDisplayOfAge"/>
  <testcase name="checkAge002" time="16.519" classname="com.clinical.selenium.section.charts.chartsGeneral.VerifyDisplayOfAge"/>
</testsuite>
